<?xml version="1.0" encoding="UTF-8"?>
<!-- Generated by org.testng.reporters.JUnitReportReporter -->
<testsuite hostname="LAPTOP-ROTMC3G5" failures="0" tests="2" name="com.org.controller.BaseTest" time="80.512" errors="0" timestamp="2021-02-23T13:06:08 GMT" skipped="0">
  <testcase classname="com.org.controller.BaseTest" name="initiateCases" time="61.162"/>
  <system-out/>
  <testcase classname="com.org.controller.BaseTest" name="initiateCases" time="19.350"/>
  <system-out/>
</testsuite> <!-- com.org.controller.BaseTest -->
