<?xml version="1.0" encoding="UTF-8"?>
<!-- Generated by org.testng.reporters.JUnitReportReporter -->
<testsuite hostname="DESKTOP-KTMCVD1" failures="0" tests="3" name="com.org.controller.BaseTest" time="41.949" errors="0" timestamp="2020-11-30T22:26:50 GMT" skipped="0">
  <testcase classname="com.org.controller.BaseTest" name="initiateCases" time="15.200"/>
  <system-out/>
  <testcase classname="com.org.controller.BaseTest" name="initiateCases" time="17.394"/>
  <system-out/>
  <testcase classname="com.org.controller.BaseTest" name="initiateCases" time="9.355"/>
  <system-out/>
</testsuite> <!-- com.org.controller.BaseTest -->
